Using pre-set license
Built from '2021.1/release' branch; Version is '2021.1.16f1 (5fa502fca597) revision 6268162'; Using compiler version '192528614'; Build Type 'Release'
OS: 'Windows 7  (6.1.0) 64bit' Language: 'pl' Physical Memory: 16383 MB
BatchMode: 1, IsHumanControllingUs: 0, StartBugReporterOnCrash: 0, Is64bit: 1, IsPro: 0

 COMMAND LINE ARGUMENTS:
D:\Unity\Hub\Editor\2021.1.16f1\Editor\Unity.exe
-adb2
-batchMode
-noUpm
-name
AssetImportWorker0
-projectPath
D:/GitHub/Pracainz/New Unity Project
-logFile
Logs/AssetImportWorker0.log
-srvPort
52206
Successfully changed project path to: D:/GitHub/Pracainz/New Unity Project
D:/GitHub/Pracainz/New Unity Project
Using Asset Import Pipeline V2.
Refreshing native plugins compatible for Editor in 149.90 ms, found 3 plugins.
Preloading 0 native plugins for Editor in 0.00 ms.
Initialize engine version: 2021.1.16f1 (5fa502fca597)
[Subsystems] Discovering subsystems at path D:/Unity/Hub/Editor/2021.1.16f1/Editor/Data/Resources/UnitySubsystems
[Subsystems] Discovering subsystems at path D:/GitHub/Pracainz/New Unity Project/Assets
GfxDevice: creating device client; threaded=0; jobified=0
d3d11: CreateDXGIFactory2(...) not found, fallbacking to CreateDXGIFactory1(...).
d3d11: QueryInterface(IDXGIFactory5) failed (80004002).
Direct3D:
    Version:  Direct3D 11.0 [level 11.0]
    Renderer: AMD Radeon HD 5700 Series (ID=0x68b8)
    Vendor:   ATI
    VRAM:     1010 MB
    Driver:   15.200.1062.1004
Initialize mono
Mono path[0] = 'D:/Unity/Hub/Editor/2021.1.16f1/Editor/Data/Managed'
Mono path[1] = 'D:/Unity/Hub/Editor/2021.1.16f1/Editor/Data/MonoBleedingEdge/lib/mono/unityjit'
Mono config path = 'D:/Unity/Hub/Editor/2021.1.16f1/Editor/Data/MonoBleedingEdge/etc'
Using monoOptions --debugger-agent=transport=dt_socket,embedding=1,server=y,suspend=n,address=127.0.0.1:56264
Begin MonoManager ReloadAssembly
Registering precompiled unity dll's ...
Register platform support module: D:/Unity/Hub/Editor/2021.1.16f1/Editor/Data/PlaybackEngines/WindowsStandaloneSupport/UnityEditor.WindowsStandalone.Extensions.dll
Registered in 0.001227 seconds.
Native extension for WindowsStandalone target not found
Refreshing native plugins compatible for Editor in 140.72 ms, found 3 plugins.
Preloading 0 native plugins for Editor in 0.00 ms.
Mono: successfully reloaded assembly
- Completed reload, in  3.744 seconds
Domain Reload Profiling:
	ReloadAssembly (3745ms)
		BeginReloadAssembly (107ms)
			ExecutionOrderSort (0ms)
			DisableScriptedObjects (0ms)
			BackupInstance (0ms)
			ReleaseScriptingObjects (0ms)
			CreateAndSetChildDomain (1ms)
		EndReloadAssembly (818ms)
			LoadAssemblies (106ms)
			RebuildTransferFunctionScriptingTraits (0ms)
			SetupTypeCache (294ms)
			ReleaseScriptCaches (0ms)
			RebuildScriptCaches (56ms)
			SetupLoadedEditorAssemblies (377ms)
				LogAssemblyErrors (0ms)
				InitializePlatformSupportModulesInManaged (10ms)
				SetLoadedEditorAssemblies (0ms)
				RefreshPlugins (141ms)
				BeforeProcessingInitializeOnLoad (2ms)
				ProcessInitializeOnLoadAttributes (172ms)
				ProcessInitializeOnLoadMethodAttributes (51ms)
				AfterProcessingInitializeOnLoad (0ms)
				EditorAssembliesLoaded (0ms)
			ExecutionOrderSort2 (0ms)
			AwakeInstancesAfterBackupRestoration (0ms)
Platform modules already initialized, skipping
Registering precompiled user dll's ...
Registered in 0.005919 seconds.
Begin MonoManager ReloadAssembly
Symbol file LoadedFromMemory doesn't match image D:\GitHub\Pracainz\New Unity Project\Library\PackageCache\com.unity.visualscripting@1.6.1\Editor\VisualScripting.Core\Dependencies\YamlDotNet\Unity.VisualScripting.YamlDotNet.dll
Symbol file LoadedFromMemory doesn't match image D:\GitHub\Pracainz\New Unity Project\Library\PackageCache\com.unity.visualscripting@1.6.1\Editor\VisualScripting.Core\Dependencies\DotNetZip\Unity.VisualScripting.IonicZip.dll
Native extension for WindowsStandalone target not found
Refreshing native plugins compatible for Editor in 1.25 ms, found 3 plugins.
Preloading 0 native plugins for Editor in 0.00 ms.
Mono: successfully reloaded assembly
- Completed reload, in  2.093 seconds
Domain Reload Profiling:
	ReloadAssembly (2094ms)
		BeginReloadAssembly (263ms)
			ExecutionOrderSort (0ms)
			DisableScriptedObjects (8ms)
			BackupInstance (0ms)
			ReleaseScriptingObjects (0ms)
			CreateAndSetChildDomain (34ms)
		EndReloadAssembly (1731ms)
			LoadAssemblies (166ms)
			RebuildTransferFunctionScriptingTraits (0ms)
			SetupTypeCache (637ms)
			ReleaseScriptCaches (1ms)
			RebuildScriptCaches (89ms)
			SetupLoadedEditorAssemblies (693ms)
				LogAssemblyErrors (0ms)
				InitializePlatformSupportModulesInManaged (7ms)
				SetLoadedEditorAssemblies (1ms)
				RefreshPlugins (1ms)
				BeforeProcessingInitializeOnLoad (107ms)
				ProcessInitializeOnLoadAttributes (566ms)
				ProcessInitializeOnLoadMethodAttributes (8ms)
				AfterProcessingInitializeOnLoad (3ms)
				EditorAssembliesLoaded (0ms)
			ExecutionOrderSort2 (0ms)
			AwakeInstancesAfterBackupRestoration (11ms)
Platform modules already initialized, skipping
========================================================================
Worker process is ready to serve import requests
Launched and connected shader compiler UnityShaderCompiler.exe after 0.10 seconds
Refreshing native plugins compatible for Editor in 1.22 ms, found 3 plugins.
Preloading 0 native plugins for Editor in 0.00 ms.
Unloading 2949 Unused Serialized files (Serialized files now loaded: 0)
System memory in use before: 105.9 MB.
System memory in use after: 106.0 MB.

Unloading 23 unused Assets to reduce memory usage. Loaded Objects now: 3392.
Total: 15.758261 ms (FindLiveObjects: 0.929261 ms CreateObjectMapping: 0.324939 ms MarkObjects: 14.376633 ms  DeleteObjects: 0.124878 ms)

AssetImportParameters requested are different than current active one (requested -> active):
  custom:framework-win-MediaFoundation: 216162199b28c13a410421893ffa2e32 -> 
  custom:video-decoder-ogg-theora: a1e56fd34408186e4bbccfd4996cb3dc -> 
  custom:container-muxer-webm: aa71ff27fc2769a1b78a27578f13a17b -> 
  custom:container-demuxer-webm: 4f35f7cbe854078d1ac9338744f61a02 -> 
  custom:container-demuxer-ogg: 62fdf1f143b41e24485cea50d1cbac27 -> 
  custom:video-encoder-webm-vp8: eb34c28f22e8b96e1ab97ce403110664 -> 
  custom:video-decoder-webm-vp8: 9c59270c3fd7afecdb556c50c9e8de78 -> 
  custom:audio-decoder-ogg-vorbis: bf7c407c2cedff20999df2af8eb42d56 -> 
  custom:audio-encoder-webm-vorbis: bf7c407c2cedff20999df2af8eb42d56 -> 
========================================================================
Received Import Request.
  path: Assets/Scenes/SampleScene.unity
  artifactKey: Guid(9fc0d4010bbf28b4594072e72b8655ab) Importer(2089858483,934ff659095e30574adcf32a4c2f97b5)
Start importing Assets/Scenes/SampleScene.unity using Guid(9fc0d4010bbf28b4594072e72b8655ab) Importer(2089858483,934ff659095e30574adcf32a4c2f97b5)  -> (artifact id: '82b1d7c44c9bd3218cb1440e6143df6d') in 0.133427 seconds 
========================================================================
Received Import Request.
  Time since last request: 429.909572 seconds.
  path: Assets
  artifactKey: Guid(00000000000000001000000000000000) Importer(815301076,1909f56bfc062723c751e8b465ee728b)
Start importing Assets using Guid(00000000000000001000000000000000) Importer(815301076,1909f56bfc062723c751e8b465ee728b)  -> (artifact id: '42d402b061de3733987d63b9cc3b64de') in 0.006675 seconds 
========================================================================
Received Import Request.
  Time since last request: 17.183647 seconds.
  path: Assets/Scrip
  artifactKey: Guid(3f090de938b56dd4a89f8cf4d022d5f5) Importer(2089858483,934ff659095e30574adcf32a4c2f97b5)
Start importing Assets/Scrip using Guid(3f090de938b56dd4a89f8cf4d022d5f5) Importer(2089858483,934ff659095e30574adcf32a4c2f97b5)  -> (artifact id: '7caefebfb5328797147b86fa84dfc788') in 0.014055 seconds 
========================================================================
Received Import Request.
  Time since last request: 7.865653 seconds.
  path: Assets/Scrip
  artifactKey: Guid(3f090de938b56dd4a89f8cf4d022d5f5) Importer(815301076,1909f56bfc062723c751e8b465ee728b)
Start importing Assets/Scrip using Guid(3f090de938b56dd4a89f8cf4d022d5f5) Importer(815301076,1909f56bfc062723c751e8b465ee728b)  -> (artifact id: 'fafc9865fac32dec97f301c86f617138') in 0.005618 seconds 
========================================================================
Received Import Request.
  Time since last request: 23.394633 seconds.
  path: Assets/Scripts
  artifactKey: Guid(3f090de938b56dd4a89f8cf4d022d5f5) Importer(815301076,1909f56bfc062723c751e8b465ee728b)
Start importing Assets/Scripts using Guid(3f090de938b56dd4a89f8cf4d022d5f5) Importer(815301076,1909f56bfc062723c751e8b465ee728b)  -> (artifact id: '00c16929c8f37c129a749d3f51a61800') in 0.005849 seconds 
========================================================================
Received Import Request.
  Time since last request: 0.963036 seconds.
  path: Assets/Scripts
  artifactKey: Guid(3f090de938b56dd4a89f8cf4d022d5f5) Importer(2089858483,934ff659095e30574adcf32a4c2f97b5)
Start importing Assets/Scripts using Guid(3f090de938b56dd4a89f8cf4d022d5f5) Importer(2089858483,934ff659095e30574adcf32a4c2f97b5)  -> (artifact id: 'c890522e3b6d27817e21ffbf438b7e94') in 0.024040 seconds 
========================================================================
Received Import Request.
  Time since last request: 10.381872 seconds.
  path: Assets/Perhaps
  artifactKey: Guid(37c65b6cac220184db3e69f78ceb28be) Importer(2089858483,934ff659095e30574adcf32a4c2f97b5)
Start importing Assets/Perhaps using Guid(37c65b6cac220184db3e69f78ceb28be) Importer(2089858483,934ff659095e30574adcf32a4c2f97b5)  -> (artifact id: 'b203794b951176887881429325549032') in 0.013552 seconds 
========================================================================
Received Import Request.
  Time since last request: 10.574534 seconds.
  path: Assets/Perhaps
  artifactKey: Guid(37c65b6cac220184db3e69f78ceb28be) Importer(815301076,1909f56bfc062723c751e8b465ee728b)
Start importing Assets/Perhaps using Guid(37c65b6cac220184db3e69f78ceb28be) Importer(815301076,1909f56bfc062723c751e8b465ee728b)  -> (artifact id: 'e7833fea565752bfb9dc73c32d2fda62') in 0.015853 seconds 
========================================================================
Received Import Request.
  Time since last request: 6.044853 seconds.
  path: Assets/Prefabs
  artifactKey: Guid(37c65b6cac220184db3e69f78ceb28be) Importer(815301076,1909f56bfc062723c751e8b465ee728b)
Start importing Assets/Prefabs using Guid(37c65b6cac220184db3e69f78ceb28be) Importer(815301076,1909f56bfc062723c751e8b465ee728b)  -> (artifact id: '8450ea26ceaeb31190666e7992418aff') in 0.005864 seconds 
========================================================================
Received Import Request.
  Time since last request: 0.964695 seconds.
  path: Assets/Prefabs
  artifactKey: Guid(37c65b6cac220184db3e69f78ceb28be) Importer(2089858483,934ff659095e30574adcf32a4c2f97b5)
Start importing Assets/Prefabs using Guid(37c65b6cac220184db3e69f78ceb28be) Importer(2089858483,934ff659095e30574adcf32a4c2f97b5)  -> (artifact id: 'cba4be41f12a567e811f594550f595c2') in 0.014862 seconds 
========================================================================
Received Import Request.
  Time since last request: 14.282553 seconds.
  path: Assets/Scenes
  artifactKey: Guid(78d68250e986d8d4e9fda31680f1f610) Importer(815301076,1909f56bfc062723c751e8b465ee728b)
Start importing Assets/Scenes using Guid(78d68250e986d8d4e9fda31680f1f610) Importer(815301076,1909f56bfc062723c751e8b465ee728b)  -> (artifact id: '890e9154fdf51bcc5ac6c014db287875') in 0.009820 seconds 
========================================================================
Received Import Request.
  Time since last request: 0.951568 seconds.
  path: Assets/Scenes/SampleScene.unity
  artifactKey: Guid(9fc0d4010bbf28b4594072e72b8655ab) Importer(815301076,1909f56bfc062723c751e8b465ee728b)
Start importing Assets/Scenes/SampleScene.unity using Guid(9fc0d4010bbf28b4594072e72b8655ab) Importer(815301076,1909f56bfc062723c751e8b465ee728b)  -> (artifact id: '85059f4f9e1a832ed95adaa0d25c5c4c') in 0.021575 seconds 
========================================================================
Received Import Request.
  Time since last request: 7.217422 seconds.
  path: Assets/Assets
  artifactKey: Guid(fc73753b1428ce1459fc3e78f18fde4d) Importer(815301076,1909f56bfc062723c751e8b465ee728b)
Start importing Assets/Assets using Guid(fc73753b1428ce1459fc3e78f18fde4d) Importer(815301076,1909f56bfc062723c751e8b465ee728b)  -> (artifact id: 'a3c6ceca0b664569c8de62a78544c1af') in 0.008274 seconds 
========================================================================
Received Import Request.
  Time since last request: 0.909615 seconds.
  path: Assets/Assets
  artifactKey: Guid(fc73753b1428ce1459fc3e78f18fde4d) Importer(2089858483,934ff659095e30574adcf32a4c2f97b5)
Start importing Assets/Assets using Guid(fc73753b1428ce1459fc3e78f18fde4d) Importer(2089858483,934ff659095e30574adcf32a4c2f97b5)  -> (artifact id: '21347f765f12adb90f5485f42229f5eb') in 0.013550 seconds 
========================================================================
Received Import Request.
  Time since last request: 144.377946 seconds.
  path: Packages/com.unity.ugui/package.json
  artifactKey: Guid(319b8889f363f5947acf209c17a94149) Importer(815301076,1909f56bfc062723c751e8b465ee728b)
Start importing Packages/com.unity.ugui/package.json using Guid(319b8889f363f5947acf209c17a94149) Importer(815301076,1909f56bfc062723c751e8b465ee728b)  -> (artifact id: 'b2303eab830ceb169e07e6b830573085') in 0.164664 seconds 
========================================================================
Received Import Request.
  Time since last request: 2.171975 seconds.
  path: Packages/com.unity.test-framework/package.json
  artifactKey: Guid(d6a2e6e4803de7b43baacdc355fc144d) Importer(815301076,1909f56bfc062723c751e8b465ee728b)
Start importing Packages/com.unity.test-framework/package.json using Guid(d6a2e6e4803de7b43baacdc355fc144d) Importer(815301076,1909f56bfc062723c751e8b465ee728b)  -> (artifact id: '100179ef5992d6ac0239f9a02bae69ee') in 0.043425 seconds 
